2020-10-28 22:13:33,955 - instabot version: 0.117.0 (bot) - INFO - Instabot version: 0.117.0 Started
2020-10-28 22:13:33,955 - instabot version: 0.117.0 (bot) - DEBUG - Bot imported from /home/berkay/miniconda3/envs/antispeed/lib/python3.8/site-packages/instabot/bot/bot.py
2020-10-28 22:13:33,956 - instabot version: 0.117.0 (api_login) - DEBUG - Loading cookies
2020-10-28 22:13:33,956 - instabot version: 0.117.0 (api_login) - DEBUG - Loading uuids
2020-10-28 22:13:33,956 - instabot version: 0.117.0 (api_login) - INFO - Recovery from /home/berkay/code/INSTAGRAM/antispeedbump/posts/config/mental_huzur_uuid_and_cookie.json: COOKIE True - UUIDs True - TIMING, DEVICE and ...
- user-agent=Instagram 117.0.0.28.123 Android (28/9.0; 420dpi; 1080x1920; OnePlus; ONEPLUS A3003; OnePlus3; qcom; en_US; 180322800)
- phone_id=68bd6821-ba07-43eb-ba2f-25d59f88cf10
- uuid=ecb71982-dddf-4a93-9cc2-93f02b028d04
- client_session_id=a9bb2102-2d85-4058-8763-9bc7d9cb0278
- device_id=android-12ea9e527f265191
2020-10-28 22:13:33,956 - instabot version: 0.117.0 (api_login) - INFO - LOGIN FLOW! Just logged-in: False
2020-10-28 22:13:35,606 - instabot version: 0.117.0 (api) - DEBUG - POST to endpoint: feed/timeline/ returned response: <Response [200]>
2020-10-28 22:13:36,372 - instabot version: 0.117.0 (api) - DEBUG - POST to endpoint: feed/reels_tray/ returned response: <Response [200]>
2020-10-28 22:13:36,373 - instabot version: 0.117.0 (api) - INFO - Logged-in successfully as 'mental_huzur'!
2020-10-28 22:13:36,374 - instabot version: 0.117.0 (bot_checkpoint) - DEBUG - Loading Checkpoint file from: /home/berkay/code/INSTAGRAM/antispeedbump/posts/config/mental_huzur.checkpoint
2020-10-28 22:14:25,013 - instabot version: 0.117.0 (api) - DEBUG - POST to endpoint: media/configure/? returned response: <Response [200]>
2020-10-28 22:14:25,511 - instabot version: 0.117.0 (api) - DEBUG - POST to endpoint: qe/expose/ returned response: <Response [200]>
2020-10-28 22:14:25,511 - instabot version: 0.117.0 (bot_photo) - INFO - Photo 'popescu-andrei-alexandru-KQjBXXPRsYM-unsplash.jpg' is uploaded.
2020-10-28 22:15:52,294 - instabot version: 0.117.0 (api) - DEBUG - POST to endpoint: media/configure/? returned response: <Response [200]>
2020-10-28 22:15:52,710 - instabot version: 0.117.0 (api) - DEBUG - POST to endpoint: qe/expose/ returned response: <Response [200]>
2020-10-28 22:15:52,710 - instabot version: 0.117.0 (bot_photo) - INFO - Photo 'dhiva-krishna-yXmjBxvkoG4-unsplash.jpg' is uploaded.
2020-10-28 22:16:25,335 - instabot version: 0.117.0 (api) - DEBUG - POST to endpoint: media/configure/? returned response: <Response [200]>
2020-10-28 22:16:25,719 - instabot version: 0.117.0 (api) - DEBUG - POST to endpoint: qe/expose/ returned response: <Response [200]>
2020-10-28 22:16:25,719 - instabot version: 0.117.0 (bot_photo) - INFO - Photo 'sarı resim.jpg' is uploaded.
2020-10-28 22:16:57,595 - instabot version: 0.117.0 (api) - DEBUG - POST to endpoint: media/configure/? returned response: <Response [200]>
2020-10-28 22:16:58,012 - instabot version: 0.117.0 (api) - DEBUG - POST to endpoint: qe/expose/ returned response: <Response [200]>
2020-10-28 22:16:58,012 - instabot version: 0.117.0 (bot_photo) - INFO - Photo '1603814053317.jpg' is uploaded.
2020-10-28 22:17:09,385 - instabot version: 0.117.0 (bot_checkpoint) - DEBUG - Saving Checkpoint file to: /home/berkay/code/INSTAGRAM/antispeedbump/posts/config/mental_huzur.checkpoint
2020-10-28 22:17:09,385 - instabot version: 0.117.0 (bot) - INFO - Total requests: 43
