2020-10-28 23:34:22,808 - instabot version: 0.117.0 (bot) - INFO - Instabot version: 0.117.0 Started
2020-10-28 23:34:22,808 - instabot version: 0.117.0 (bot) - DEBUG - Bot imported from /home/berkay/miniconda3/envs/antispeed/lib/python3.8/site-packages/instabot/bot/bot.py
2020-10-28 23:34:22,809 - instabot version: 0.117.0 (api_login) - DEBUG - Loading cookies
2020-10-28 23:34:22,810 - instabot version: 0.117.0 (api_login) - DEBUG - Loading uuids
2020-10-28 23:34:22,810 - instabot version: 0.117.0 (api_login) - INFO - Recovery from /home/berkay/code/INSTAGRAM/antispeedbump/posts/config/mental_huzur_uuid_and_cookie.json: COOKIE True - UUIDs True - TIMING, DEVICE and ...
- user-agent=Instagram 117.0.0.28.123 Android (28/9.0; 420dpi; 1080x1920; OnePlus; ONEPLUS A3003; OnePlus3; qcom; en_US; 180322800)
- phone_id=68bd6821-ba07-43eb-ba2f-25d59f88cf10
- uuid=ecb71982-dddf-4a93-9cc2-93f02b028d04
- client_session_id=a9bb2102-2d85-4058-8763-9bc7d9cb0278
- device_id=android-12ea9e527f265191
2020-10-28 23:34:22,810 - instabot version: 0.117.0 (api_login) - INFO - LOGIN FLOW! Just logged-in: False
2020-10-28 23:34:24,055 - instabot version: 0.117.0 (api) - DEBUG - POST to endpoint: feed/timeline/ returned response: <Response [200]>
2020-10-28 23:34:24,893 - instabot version: 0.117.0 (api) - DEBUG - POST to endpoint: feed/reels_tray/ returned response: <Response [200]>
2020-10-28 23:34:25,289 - instabot version: 0.117.0 (api) - DEBUG - POST to endpoint: direct_v2/ranked_recipients/ returned response: <Response [200]>
2020-10-28 23:34:25,669 - instabot version: 0.117.0 (api) - DEBUG - POST to endpoint: direct_v2/ranked_recipients/ returned response: <Response [200]>
2020-10-28 23:34:26,684 - instabot version: 0.117.0 (api) - DEBUG - POST to endpoint: direct_v2/inbox/ returned response: <Response [200]>
2020-10-28 23:34:27,049 - instabot version: 0.117.0 (api) - DEBUG - GET to endpoint: direct_v2/get_presence/ returned response: <Response [200]>
2020-10-28 23:34:27,850 - instabot version: 0.117.0 (api) - DEBUG - GET to endpoint: news/inbox/?limited_activity=true&show_su=true returned response: <Response [200]>
2020-10-28 23:34:28,241 - instabot version: 0.117.0 (api) - DEBUG - GET to endpoint: users/profile_notice/ returned response: <Response [200]>
2020-10-28 23:34:28,644 - instabot version: 0.117.0 (api) - DEBUG - POST to endpoint: discover/explore/ returned response: <Response [200]>
2020-10-28 23:34:28,648 - instabot version: 0.117.0 (api) - INFO - Logged-in successfully as 'mental_huzur'!
2020-10-28 23:34:28,648 - instabot version: 0.117.0 (bot_checkpoint) - DEBUG - Loading Checkpoint file from: /home/berkay/code/INSTAGRAM/antispeedbump/posts/config/mental_huzur.checkpoint
2020-10-28 23:34:31,977 - instabot version: 0.117.0 (api_photo) - ERROR - Photo does not have a compatible photo aspect ratio.
2020-10-28 23:34:31,977 - instabot version: 0.117.0 (bot_photo) - INFO - Photo 'roberto-nickson-zu95jkyrGtw-unsplash.jpg' is not uploaded.
2020-10-28 23:34:35,317 - instabot version: 0.117.0 (api_photo) - ERROR - Photo does not have a compatible photo aspect ratio.
2020-10-28 23:34:35,317 - instabot version: 0.117.0 (bot_photo) - INFO - Photo 'roberto-nickson-zu95jkyrGtw-unsplash.jpg' is not uploaded.
2020-10-28 23:34:38,124 - instabot version: 0.117.0 (api_photo) - ERROR - Photo does not have a compatible photo aspect ratio.
2020-10-28 23:34:38,124 - instabot version: 0.117.0 (bot_photo) - INFO - Photo 'dhiva-krishna-YApS6TjKJ9c-unsplash.jpg' is not uploaded.
2020-10-28 23:34:38,996 - instabot version: 0.117.0 (api_photo) - ERROR - Photo does not have a compatible photo aspect ratio.
2020-10-28 23:34:38,996 - instabot version: 0.117.0 (bot_photo) - INFO - Photo 'roberto-nickson-zu95jkyrGtw-unsplash.jpg' is not uploaded.
2020-10-28 23:34:42,594 - instabot version: 0.117.0 (api_photo) - ERROR - Photo does not have a compatible photo aspect ratio.
2020-10-28 23:34:42,594 - instabot version: 0.117.0 (bot_photo) - INFO - Photo 'spencer-davis-N9fryKBea2c-unsplash.jpg' is not uploaded.
2020-10-28 23:34:44,553 - instabot version: 0.117.0 (api_photo) - ERROR - Photo does not have a compatible photo aspect ratio.
2020-10-28 23:34:44,554 - instabot version: 0.117.0 (bot_photo) - INFO - Photo 'lukasz-niescioruk-OSwiwewOll8-unsplash.jpg' is not uploaded.
2020-10-28 23:34:47,436 - instabot version: 0.117.0 (api_photo) - ERROR - Photo does not have a compatible photo aspect ratio.
2020-10-28 23:34:47,437 - instabot version: 0.117.0 (bot_photo) - INFO - Photo 'roberto-nickson-zu95jkyrGtw-unsplash.jpg' is not uploaded.
2020-10-28 23:34:49,547 - instabot version: 0.117.0 (api_photo) - ERROR - Photo does not have a compatible photo aspect ratio.
2020-10-28 23:34:49,548 - instabot version: 0.117.0 (bot_photo) - INFO - Photo 'roberto-nickson-zu95jkyrGtw-unsplash.jpg' is not uploaded.
2020-10-28 23:35:20,837 - instabot version: 0.117.0 (api) - DEBUG - POST to endpoint: media/configure/? returned response: <Response [200]>
2020-10-28 23:35:21,718 - instabot version: 0.117.0 (api) - DEBUG - POST to endpoint: qe/expose/ returned response: <Response [200]>
2020-10-28 23:35:21,719 - instabot version: 0.117.0 (bot_photo) - INFO - Photo 'loris-demaria-oxDPMbMcCM8-unsplash.jpg' is uploaded.
2020-10-28 23:35:22,849 - instabot version: 0.117.0 (api_photo) - ERROR - Photo does not have a compatible photo aspect ratio.
2020-10-28 23:35:22,850 - instabot version: 0.117.0 (bot_photo) - INFO - Photo 'dhiva-krishna-YApS6TjKJ9c-unsplash.jpg' is not uploaded.
2020-10-28 23:35:25,901 - instabot version: 0.117.0 (api_photo) - ERROR - Photo does not have a compatible photo aspect ratio.
2020-10-28 23:35:25,901 - instabot version: 0.117.0 (bot_photo) - INFO - Photo 'spencer-davis-N9fryKBea2c-unsplash.jpg' is not uploaded.
2020-10-28 23:35:28,493 - instabot version: 0.117.0 (api_photo) - ERROR - Photo does not have a compatible photo aspect ratio.
2020-10-28 23:35:28,493 - instabot version: 0.117.0 (bot_photo) - INFO - Photo 'lukasz-niescioruk-OSwiwewOll8-unsplash.jpg' is not uploaded.
2020-10-28 23:35:30,820 - instabot version: 0.117.0 (api_photo) - ERROR - Photo does not have a compatible photo aspect ratio.
2020-10-28 23:35:30,821 - instabot version: 0.117.0 (bot_photo) - INFO - Photo 'spencer-davis-N9fryKBea2c-unsplash.jpg' is not uploaded.
2020-10-28 23:35:33,721 - instabot version: 0.117.0 (api_photo) - ERROR - Photo does not have a compatible photo aspect ratio.
2020-10-28 23:35:33,721 - instabot version: 0.117.0 (bot_photo) - INFO - Photo 'spencer-davis-N9fryKBea2c-unsplash.jpg' is not uploaded.
2020-10-28 23:35:34,916 - instabot version: 0.117.0 (api_photo) - ERROR - Photo does not have a compatible photo aspect ratio.
2020-10-28 23:35:34,916 - instabot version: 0.117.0 (bot_photo) - INFO - Photo 'sam-warren-3sw56cNC3xE-unsplash.jpg' is not uploaded.
2020-10-28 23:35:37,860 - instabot version: 0.117.0 (api_photo) - ERROR - Photo does not have a compatible photo aspect ratio.
2020-10-28 23:35:37,861 - instabot version: 0.117.0 (bot_photo) - INFO - Photo 'spencer-davis-N9fryKBea2c-unsplash.jpg' is not uploaded.
2020-10-28 23:35:40,317 - instabot version: 0.117.0 (api_photo) - ERROR - Photo does not have a compatible photo aspect ratio.
2020-10-28 23:35:40,318 - instabot version: 0.117.0 (bot_photo) - INFO - Photo 'wassim-chouak-KtdCPZBu8YQ-unsplash.jpg' is not uploaded.
2020-10-28 23:35:41,100 - instabot version: 0.117.0 (api_photo) - ERROR - Photo does not have a compatible photo aspect ratio.
2020-10-28 23:35:41,100 - instabot version: 0.117.0 (bot_photo) - INFO - Photo 'spencer-davis-N9fryKBea2c-unsplash.jpg' is not uploaded.
2020-10-28 23:35:42,295 - instabot version: 0.117.0 (api_photo) - ERROR - Photo does not have a compatible photo aspect ratio.
2020-10-28 23:35:42,295 - instabot version: 0.117.0 (bot_photo) - INFO - Photo 'lukasz-niescioruk-OSwiwewOll8-unsplash.jpg' is not uploaded.
2020-10-28 23:35:43,087 - instabot version: 0.117.0 (api_photo) - ERROR - Photo does not have a compatible photo aspect ratio.
2020-10-28 23:35:43,087 - instabot version: 0.117.0 (bot_photo) - INFO - Photo 'wassim-chouak-KtdCPZBu8YQ-unsplash.jpg' is not uploaded.
2020-10-28 23:35:44,062 - instabot version: 0.117.0 (api_photo) - ERROR - Photo does not have a compatible photo aspect ratio.
2020-10-28 23:35:44,063 - instabot version: 0.117.0 (bot_photo) - INFO - Photo 'spencer-davis-N9fryKBea2c-unsplash.jpg' is not uploaded.
2020-10-28 23:35:45,092 - instabot version: 0.117.0 (api_photo) - ERROR - Photo does not have a compatible photo aspect ratio.
2020-10-28 23:35:45,092 - instabot version: 0.117.0 (bot_photo) - INFO - Photo 'sam-warren-3sw56cNC3xE-unsplash.jpg' is not uploaded.
2020-10-28 23:35:46,661 - instabot version: 0.117.0 (api_photo) - ERROR - Photo does not have a compatible photo aspect ratio.
2020-10-28 23:35:46,661 - instabot version: 0.117.0 (bot_photo) - INFO - Photo 'spencer-davis-N9fryKBea2c-unsplash.jpg' is not uploaded.
2020-10-28 23:35:48,970 - instabot version: 0.117.0 (api_photo) - ERROR - Photo does not have a compatible photo aspect ratio.
2020-10-28 23:35:48,970 - instabot version: 0.117.0 (bot_photo) - INFO - Photo 'roberto-nickson-zu95jkyrGtw-unsplash.jpg' is not uploaded.
2020-10-28 23:35:51,261 - instabot version: 0.117.0 (api_photo) - ERROR - Photo does not have a compatible photo aspect ratio.
2020-10-28 23:35:51,262 - instabot version: 0.117.0 (bot_photo) - INFO - Photo 'dhiva-krishna-YApS6TjKJ9c-unsplash.jpg' is not uploaded.
2020-10-28 23:35:52,769 - instabot version: 0.117.0 (api_photo) - ERROR - Photo does not have a compatible photo aspect ratio.
2020-10-28 23:35:52,770 - instabot version: 0.117.0 (bot_photo) - INFO - Photo 'sam-warren-3sw56cNC3xE-unsplash.jpg' is not uploaded.
2020-10-28 23:35:55,953 - instabot version: 0.117.0 (api_photo) - ERROR - Photo does not have a compatible photo aspect ratio.
2020-10-28 23:35:55,953 - instabot version: 0.117.0 (bot_photo) - INFO - Photo 'lukasz-niescioruk-OSwiwewOll8-unsplash.jpg' is not uploaded.
2020-10-28 23:35:56,729 - instabot version: 0.117.0 (api_photo) - ERROR - Photo does not have a compatible photo aspect ratio.
2020-10-28 23:35:56,729 - instabot version: 0.117.0 (bot_photo) - INFO - Photo 'sam-warren-3sw56cNC3xE-unsplash.jpg' is not uploaded.
2020-10-28 23:35:58,211 - instabot version: 0.117.0 (api_photo) - ERROR - Photo does not have a compatible photo aspect ratio.
2020-10-28 23:35:58,212 - instabot version: 0.117.0 (bot_photo) - INFO - Photo 'dhiva-krishna-YApS6TjKJ9c-unsplash.jpg' is not uploaded.
2020-10-28 23:36:01,065 - instabot version: 0.117.0 (api_photo) - ERROR - Photo does not have a compatible photo aspect ratio.
2020-10-28 23:36:01,065 - instabot version: 0.117.0 (bot_photo) - INFO - Photo 'spencer-davis-N9fryKBea2c-unsplash.jpg' is not uploaded.
2020-10-28 23:36:02,785 - instabot version: 0.117.0 (api_photo) - ERROR - Photo does not have a compatible photo aspect ratio.
2020-10-28 23:36:02,785 - instabot version: 0.117.0 (bot_photo) - INFO - Photo 'roberto-nickson-zu95jkyrGtw-unsplash.jpg' is not uploaded.
2020-10-28 23:36:05,316 - instabot version: 0.117.0 (api_photo) - ERROR - Photo does not have a compatible photo aspect ratio.
2020-10-28 23:36:05,317 - instabot version: 0.117.0 (bot_photo) - INFO - Photo 'sam-warren-3sw56cNC3xE-unsplash.jpg' is not uploaded.
2020-10-28 23:36:08,851 - instabot version: 0.117.0 (api_photo) - ERROR - Photo does not have a compatible photo aspect ratio.
2020-10-28 23:36:08,852 - instabot version: 0.117.0 (bot_photo) - INFO - Photo 'dhiva-krishna-YApS6TjKJ9c-unsplash.jpg' is not uploaded.
2020-10-28 23:36:11,729 - instabot version: 0.117.0 (api_photo) - ERROR - Photo does not have a compatible photo aspect ratio.
2020-10-28 23:36:11,729 - instabot version: 0.117.0 (bot_photo) - INFO - Photo 'sam-warren-3sw56cNC3xE-unsplash.jpg' is not uploaded.
2020-10-28 23:36:12,799 - instabot version: 0.117.0 (api_photo) - ERROR - Photo does not have a compatible photo aspect ratio.
2020-10-28 23:36:12,799 - instabot version: 0.117.0 (bot_photo) - INFO - Photo 'dhiva-krishna-YApS6TjKJ9c-unsplash.jpg' is not uploaded.
2020-10-28 23:36:14,075 - instabot version: 0.117.0 (bot_checkpoint) - DEBUG - Saving Checkpoint file to: /home/berkay/code/INSTAGRAM/antispeedbump/posts/config/mental_huzur.checkpoint
2020-10-28 23:36:14,076 - instabot version: 0.117.0 (bot) - INFO - Total requests: 45
