2020-10-28 22:11:14,230 - instabot version: 0.117.0 (bot) - INFO - Instabot version: 0.117.0 Started
2020-10-28 22:11:14,230 - instabot version: 0.117.0 (bot) - DEBUG - Bot imported from /home/berkay/miniconda3/envs/antispeed/lib/python3.8/site-packages/instabot/bot/bot.py
2020-10-28 22:11:14,231 - instabot version: 0.117.0 (api_login) - DEBUG - Loading cookies
2020-10-28 22:11:14,231 - instabot version: 0.117.0 (api_login) - DEBUG - Loading uuids
2020-10-28 22:11:14,231 - instabot version: 0.117.0 (api_login) - INFO - Recovery from /home/berkay/code/INSTAGRAM/antispeedbump/posts/config/mental_huzur_uuid_and_cookie.json: COOKIE True - UUIDs True - TIMING, DEVICE and ...
- user-agent=Instagram 117.0.0.28.123 Android (28/9.0; 420dpi; 1080x1920; OnePlus; ONEPLUS A3003; OnePlus3; qcom; en_US; 180322800)
- phone_id=68bd6821-ba07-43eb-ba2f-25d59f88cf10
- uuid=ecb71982-dddf-4a93-9cc2-93f02b028d04
- client_session_id=a9bb2102-2d85-4058-8763-9bc7d9cb0278
- device_id=android-12ea9e527f265191
2020-10-28 22:11:14,231 - instabot version: 0.117.0 (api_login) - INFO - LOGIN FLOW! Just logged-in: False
2020-10-28 22:11:18,133 - instabot version: 0.117.0 (api) - DEBUG - POST to endpoint: feed/timeline/ returned response: <Response [200]>
2020-10-28 22:11:19,157 - instabot version: 0.117.0 (api) - DEBUG - POST to endpoint: feed/reels_tray/ returned response: <Response [200]>
2020-10-28 22:11:19,159 - instabot version: 0.117.0 (api) - INFO - Logged-in successfully as 'mental_huzur'!
2020-10-28 22:11:19,159 - instabot version: 0.117.0 (bot_checkpoint) - DEBUG - Loading Checkpoint file from: /home/berkay/code/INSTAGRAM/antispeedbump/posts/config/mental_huzur.checkpoint
2020-10-28 22:11:53,188 - instabot version: 0.117.0 (api) - DEBUG - POST to endpoint: media/configure/? returned response: <Response [200]>
2020-10-28 22:11:53,767 - instabot version: 0.117.0 (api) - DEBUG - POST to endpoint: qe/expose/ returned response: <Response [200]>
2020-10-28 22:11:53,768 - instabot version: 0.117.0 (bot_photo) - INFO - Photo 'koke-mayayo-thevisualkiller-uG8RGApPGWk-unsplash.jpg' is uploaded.
2020-10-28 22:11:53,768 - instabot version: 0.117.0 (bot_checkpoint) - DEBUG - Saving Checkpoint file to: /home/berkay/code/INSTAGRAM/antispeedbump/posts/config/mental_huzur.checkpoint
2020-10-28 22:11:53,769 - instabot version: 0.117.0 (bot) - INFO - Total requests: 35
