2020-10-28 20:02:03,593 - instabot version: 0.117.0 (bot) - INFO - Instabot version: 0.117.0 Started
2020-10-28 20:02:03,593 - instabot version: 0.117.0 (bot) - DEBUG - Bot imported from /home/berkay/miniconda3/envs/antispeed/lib/python3.8/site-packages/instabot/bot/bot.py
2020-10-28 20:02:03,593 - instabot version: 0.117.0 (api_login) - INFO - Not yet logged in starting: PRE-LOGIN FLOW!
2020-10-28 20:02:04,605 - instabot version: 0.117.0 (api) - DEBUG - POST to endpoint: accounts/get_prefill_candidates/ returned response: <Response [200]>
2020-10-28 20:02:05,710 - instabot version: 0.117.0 (api) - DEBUG - POST to endpoint: qe/sync/ returned response: <Response [200]>
2020-10-28 20:02:06,664 - instabot version: 0.117.0 (api) - DEBUG - POST to endpoint: launcher/sync/ returned response: <Response [200]>
2020-10-28 20:02:07,347 - instabot version: 0.117.0 (api) - DEBUG - POST to endpoint: accounts/contact_point_prefill/ returned response: <Response [200]>
2020-10-28 20:02:11,260 - instabot version: 0.117.0 (api) - DEBUG - POST to endpoint: accounts/login/ returned response: <Response [200]>
2020-10-28 20:02:11,260 - instabot version: 0.117.0 (api) - INFO - Logged-in successfully as 'mental_huzur'!
2020-10-28 20:02:11,260 - instabot version: 0.117.0 (api_login) - INFO - LOGIN FLOW! Just logged-in: True
2020-10-28 20:02:11,666 - instabot version: 0.117.0 (api) - DEBUG - POST to endpoint: qe/sync/ returned response: <Response [200]>
2020-10-28 20:02:13,246 - instabot version: 0.117.0 (api) - DEBUG - POST to endpoint: launcher/sync/ returned response: <Response [200]>
2020-10-28 20:02:14,045 - instabot version: 0.117.0 (api) - DEBUG - GET to endpoint: zr/token/result/?device_id=android-12ea9e527f265191&token_hash=&custom_device_id=android-12ea9e527f265191&fetch_reason=token_expired returned response: <Response [200]>
2020-10-28 20:02:14,466 - instabot version: 0.117.0 (api) - DEBUG - GET to endpoint: multiple_accounts/get_account_family/ returned response: <Response [200]>
2020-10-28 20:02:15,617 - instabot version: 0.117.0 (api) - DEBUG - POST to endpoint: qe/sync/ returned response: <Response [200]>
2020-10-28 20:02:18,051 - instabot version: 0.117.0 (api) - DEBUG - GET to endpoint: igtv/browse_feed/?prefetch=1 returned response: <Response [200]>
2020-10-28 20:02:18,615 - instabot version: 0.117.0 (api) - DEBUG - POST to endpoint: creatives/ar_class/ returned response: <Response [200]>
2020-10-28 20:02:19,398 - instabot version: 0.117.0 (api) - DEBUG - POST to endpoint: feed/reels_tray/ returned response: <Response [200]>
2020-10-28 20:02:21,734 - instabot version: 0.117.0 (api) - DEBUG - POST to endpoint: feed/timeline/ returned response: <Response [200]>
2020-10-28 20:02:22,091 - instabot version: 0.117.0 (api) - DEBUG - GET to endpoint: media/blocked/ returned response: <Response [200]>
2020-10-28 20:02:22,883 - instabot version: 0.117.0 (api) - DEBUG - GET to endpoint: news/inbox/ returned response: <Response [200]>
2020-10-28 20:02:23,262 - instabot version: 0.117.0 (api) - DEBUG - GET to endpoint: loom/fetch_config/ returned response: <Response [200]>
2020-10-28 20:02:24,078 - instabot version: 0.117.0 (api) - DEBUG - GET to endpoint: scores/bootstrap/users/?surfaces=["autocomplete_user_list","coefficient_besties_list_ranking","coefficient_rank_recipient_user_suggestion","coefficient_ios_section_test_bootstrap_ranking","coefficient_direct_recipients_ranking_variant_2"] returned response: <Response [200]>
2020-10-28 20:02:25,669 - instabot version: 0.117.0 (api) - DEBUG - GET to endpoint: business/eligibility/get_monetization_products_eligibility_data/?product_types=branded_content returned response: <Response [200]>
2020-10-28 20:02:29,000 - instabot version: 0.117.0 (api) - DEBUG - GET to endpoint: business/branded_content/should_require_professional_account/ returned response: <Response [200]>
2020-10-28 20:02:29,366 - instabot version: 0.117.0 (api) - DEBUG - GET to endpoint: linked_accounts/get_linkage_status/ returned response: <Response [200]>
2020-10-28 20:02:30,355 - instabot version: 0.117.0 (api) - DEBUG - GET to endpoint: locations/request_country/ returned response: <Response [500]>
2020-10-28 20:02:30,355 - instabot version: 0.117.0 (api) - DEBUG - Responsecode indicates error; response content: b'Oops, an error occurred.\n'
2020-10-28 20:02:30,355 - instabot version: 0.117.0 (api) - ERROR - Request returns 500 error!
2020-10-28 20:02:30,355 - instabot version: 0.117.0 (api) - ERROR - Error checking for `feedback_required`, response text is not JSON
2020-10-28 20:02:30,355 - instabot version: 0.117.0 (api) - INFO - Full Response: <Response [500]>
2020-10-28 20:02:30,355 - instabot version: 0.117.0 (api) - INFO - Response Text: Oops, an error occurred.

2020-10-28 20:02:30,356 - instabot version: 0.117.0 (api) - ERROR - Error unknown send request
2020-10-28 20:02:30,718 - instabot version: 0.117.0 (api) - DEBUG - GET to endpoint: qp/get_cooldowns/?signed_body=signed_body=4b9c516a5410a3bc128e09c6104a7f042146b9c2023870560c63a43a7f66781c.4&ig_sig_key_version=4&ig_sig_key_version=4 returned response: <Response [200]>
2020-10-28 20:02:31,231 - instabot version: 0.117.0 (api) - DEBUG - GET to endpoint: users/arlink_download_info/?version_override=2.2.1 returned response: <Response [200]>
2020-10-28 20:02:31,740 - instabot version: 0.117.0 (api) - DEBUG - GET to endpoint: users/13854059918/info/ returned response: <Response [200]>
2020-10-28 20:02:32,112 - instabot version: 0.117.0 (api) - DEBUG - GET to endpoint: direct_v2/get_presence/ returned response: <Response [200]>
2020-10-28 20:02:32,843 - instabot version: 0.117.0 (api) - DEBUG - GET to endpoint: direct_v2/inbox/?visual_message_return_type=unseen&thread_message_limit=10&persistentBadging=true&limit=20 returned response: <Response [200]>
2020-10-28 20:02:33,334 - instabot version: 0.117.0 (api) - DEBUG - GET to endpoint: direct_v2/inbox/?visual_message_return_type=unseen&persistentBadging=true&limit=0 returned response: <Response [200]>
2020-10-28 20:02:33,790 - instabot version: 0.117.0 (api) - DEBUG - GET to endpoint: discover/topical_explore/?is_prefetch=true&omit_cover_media=true&use_sectional_payload=true&timezone_offset=0&session_id=a4609473-fd63-4dd0-ac2d-3f56c57f797b&include_fixed_destinations=true returned response: <Response [200]>
2020-10-28 20:02:34,202 - instabot version: 0.117.0 (api) - DEBUG - POST to endpoint: notifications/badge/ returned response: <Response [200]>
2020-10-28 20:02:34,805 - instabot version: 0.117.0 (api) - DEBUG - POST to endpoint: qp/batch_fetch/ returned response: <Response [200]>
2020-10-28 20:02:34,806 - instabot version: 0.117.0 (bot_checkpoint) - DEBUG - Loading Checkpoint file from: /home/berkay/code/INSTAGRAM/antispeedbump/trash/config/mental_huzur.checkpoint
2020-10-28 20:02:37,357 - instabot version: 0.117.0 (bot_checkpoint) - DEBUG - Saving Checkpoint file to: /home/berkay/code/INSTAGRAM/antispeedbump/trash/config/mental_huzur.checkpoint
2020-10-28 20:02:37,358 - instabot version: 0.117.0 (bot) - INFO - Total requests: 31
